2025-05-01 13:47:15 [restartedMain] INFO  c.m.m.SpringBasicLoggingApplication - Starting SpringBasicLoggingApplication using Java 17.0.13 with PID 3800 (C:\Users\Seongbin\IdeaProjects\REST_api\SpringBasicLogging\build\classes\java\main started by Seongbin in C:\Users\Seongbin\IdeaProjects\REST_api)
2025-05-01 13:47:15 [restartedMain] DEBUG c.m.m.SpringBasicLoggingApplication - Running with Spring Boot v3.4.5, Spring v6.2.6
2025-05-01 13:47:15 [restartedMain] INFO  c.m.m.SpringBasicLoggingApplication - No active profile set, falling back to 1 default profile: "default"
2025-05-01 13:47:15 [restartedMain] INFO  o.s.b.d.e.DevToolsPropertyDefaultsPostProcessor - Devtools property defaults active! Set 'spring.devtools.add-properties' to 'false' to disable
2025-05-01 13:47:15 [restartedMain] INFO  o.s.b.d.e.DevToolsPropertyDefaultsPostProcessor - For additional web related logging consider setting the 'logging.level.web' property to 'DEBUG'
2025-05-01 13:47:16 [restartedMain] INFO  o.s.d.r.c.RepositoryConfigurationDelegate - Bootstrapping Spring Data JPA repositories in DEFAULT mode.
2025-05-01 13:47:16 [restartedMain] INFO  o.s.d.r.c.RepositoryConfigurationDelegate - Finished Spring Data repository scanning in 29 ms. Found 1 JPA repository interface.
2025-05-01 13:47:16 [restartedMain] INFO  o.s.b.w.e.tomcat.TomcatWebServer - Tomcat initialized with port 8080 (http)
2025-05-01 13:47:16 [restartedMain] INFO  o.s.b.w.s.c.ServletWebServerApplicationContext - Root WebApplicationContext: initialization completed in 693 ms
2025-05-01 13:47:16 [restartedMain] INFO  o.s.o.j.p.SpringPersistenceUnitInfo - No LoadTimeWeaver setup: ignoring JPA class transformer
2025-05-01 13:47:17 [restartedMain] INFO  o.s.o.j.LocalContainerEntityManagerFactoryBean - Initialized JPA EntityManagerFactory for persistence unit 'default'
2025-05-01 13:47:17 [restartedMain] INFO  o.s.b.d.a.OptionalLiveReloadServer - LiveReload server is running on port 35729
2025-05-01 13:47:17 [restartedMain] INFO  o.s.b.w.e.tomcat.TomcatWebServer - Tomcat started on port 8080 (http) with context path '/'
2025-05-01 13:47:17 [restartedMain] INFO  c.m.m.SpringBasicLoggingApplication - Started SpringBasicLoggingApplication in 2.322 seconds (process running for 2.837)
2025-05-01 14:10:49 [File Watcher] INFO  o.s.b.d.a.LocalDevToolsAutoConfiguration$RestartingClassPathChangeChangedEventListener - Restarting due to 1 class path change (1 addition, 0 deletions, 0 modifications)
2025-05-01 14:10:49 [Thread-5] INFO  o.s.b.w.e.tomcat.GracefulShutdown - Commencing graceful shutdown. Waiting for active requests to complete
2025-05-01 14:10:49 [tomcat-shutdown] INFO  o.s.b.w.e.tomcat.GracefulShutdown - Graceful shutdown complete
2025-05-01 14:10:49 [Thread-5] INFO  o.s.o.j.LocalContainerEntityManagerFactoryBean - Closing JPA EntityManagerFactory for persistence unit 'default'
2025-05-01 14:10:49 [restartedMain] INFO  c.m.m.SpringBasicLoggingApplication - Starting SpringBasicLoggingApplication using Java 17.0.13 with PID 3800 (C:\Users\Seongbin\IdeaProjects\REST_api\SpringBasicLogging\build\classes\java\main started by Seongbin in C:\Users\Seongbin\IdeaProjects\REST_api)
2025-05-01 14:10:49 [restartedMain] DEBUG c.m.m.SpringBasicLoggingApplication - Running with Spring Boot v3.4.5, Spring v6.2.6
2025-05-01 14:10:49 [restartedMain] INFO  c.m.m.SpringBasicLoggingApplication - No active profile set, falling back to 1 default profile: "default"
2025-05-01 14:10:49 [restartedMain] INFO  o.s.d.r.c.RepositoryConfigurationDelegate - Bootstrapping Spring Data JPA repositories in DEFAULT mode.
2025-05-01 14:10:49 [restartedMain] INFO  o.s.d.r.c.RepositoryConfigurationDelegate - Finished Spring Data repository scanning in 7 ms. Found 1 JPA repository interface.
2025-05-01 14:10:49 [restartedMain] INFO  o.s.b.w.e.tomcat.TomcatWebServer - Tomcat initialized with port 8080 (http)
2025-05-01 14:10:49 [restartedMain] INFO  o.s.b.w.s.c.ServletWebServerApplicationContext - Root WebApplicationContext: initialization completed in 181 ms
2025-05-01 14:10:49 [restartedMain] INFO  o.s.o.j.p.SpringPersistenceUnitInfo - No LoadTimeWeaver setup: ignoring JPA class transformer
2025-05-01 14:10:49 [restartedMain] INFO  o.s.o.j.LocalContainerEntityManagerFactoryBean - Initialized JPA EntityManagerFactory for persistence unit 'default'
2025-05-01 14:10:49 [restartedMain] INFO  o.s.b.d.a.OptionalLiveReloadServer - LiveReload server is running on port 35729
2025-05-01 14:10:49 [restartedMain] INFO  o.s.b.w.e.tomcat.TomcatWebServer - Tomcat started on port 8080 (http) with context path '/'
2025-05-01 14:10:49 [restartedMain] INFO  c.m.m.SpringBasicLoggingApplication - Started SpringBasicLoggingApplication in 0.352 seconds (process running for 1414.651)
2025-05-01 14:10:49 [restartedMain] INFO  o.s.b.d.a.ConditionEvaluationDeltaLoggingListener - Condition evaluation unchanged
2025-05-01 14:12:03 [File Watcher] INFO  o.s.b.d.a.LocalDevToolsAutoConfiguration$RestartingClassPathChangeChangedEventListener - Restarting due to 1 class path change (0 additions, 1 deletion, 0 modifications)
2025-05-01 14:12:03 [Thread-7] INFO  o.s.b.w.e.tomcat.GracefulShutdown - Commencing graceful shutdown. Waiting for active requests to complete
2025-05-01 14:12:03 [tomcat-shutdown] INFO  o.s.b.w.e.tomcat.GracefulShutdown - Graceful shutdown complete
2025-05-01 14:12:03 [Thread-7] INFO  o.s.o.j.LocalContainerEntityManagerFactoryBean - Closing JPA EntityManagerFactory for persistence unit 'default'
2025-05-01 14:12:03 [restartedMain] INFO  c.m.m.SpringBasicLoggingApplication - Starting SpringBasicLoggingApplication using Java 17.0.13 with PID 3800 (C:\Users\Seongbin\IdeaProjects\REST_api\SpringBasicLogging\build\classes\java\main started by Seongbin in C:\Users\Seongbin\IdeaProjects\REST_api)
2025-05-01 14:12:03 [restartedMain] DEBUG c.m.m.SpringBasicLoggingApplication - Running with Spring Boot v3.4.5, Spring v6.2.6
2025-05-01 14:12:03 [restartedMain] INFO  c.m.m.SpringBasicLoggingApplication - No active profile set, falling back to 1 default profile: "default"
2025-05-01 14:12:03 [restartedMain] INFO  o.s.d.r.c.RepositoryConfigurationDelegate - Bootstrapping Spring Data JPA repositories in DEFAULT mode.
2025-05-01 14:12:03 [restartedMain] INFO  o.s.d.r.c.RepositoryConfigurationDelegate - Finished Spring Data repository scanning in 7 ms. Found 1 JPA repository interface.
2025-05-01 14:12:03 [restartedMain] INFO  o.s.b.w.e.tomcat.TomcatWebServer - Tomcat initialized with port 8080 (http)
2025-05-01 14:12:03 [restartedMain] INFO  o.s.b.w.s.c.ServletWebServerApplicationContext - Root WebApplicationContext: initialization completed in 188 ms
2025-05-01 14:12:03 [restartedMain] INFO  o.s.o.j.p.SpringPersistenceUnitInfo - No LoadTimeWeaver setup: ignoring JPA class transformer
2025-05-01 14:12:03 [restartedMain] INFO  o.s.o.j.LocalContainerEntityManagerFactoryBean - Initialized JPA EntityManagerFactory for persistence unit 'default'
2025-05-01 14:12:03 [restartedMain] INFO  o.s.b.d.a.OptionalLiveReloadServer - LiveReload server is running on port 35729
2025-05-01 14:12:03 [restartedMain] INFO  o.s.b.w.e.tomcat.TomcatWebServer - Tomcat started on port 8080 (http) with context path '/'
2025-05-01 14:12:03 [restartedMain] INFO  c.m.m.SpringBasicLoggingApplication - Started SpringBasicLoggingApplication in 0.363 seconds (process running for 1488.934)
2025-05-01 14:12:03 [restartedMain] INFO  o.s.b.d.a.ConditionEvaluationDeltaLoggingListener - Condition evaluation unchanged
2025-05-01 14:12:05 [File Watcher] INFO  o.s.b.d.a.LocalDevToolsAutoConfiguration$RestartingClassPathChangeChangedEventListener - Restarting due to 1 class path change (1 addition, 0 deletions, 0 modifications)
2025-05-01 14:12:05 [Thread-11] INFO  o.s.b.w.e.tomcat.GracefulShutdown - Commencing graceful shutdown. Waiting for active requests to complete
2025-05-01 14:12:05 [tomcat-shutdown] INFO  o.s.b.w.e.tomcat.GracefulShutdown - Graceful shutdown complete
2025-05-01 14:12:05 [Thread-11] INFO  o.s.o.j.LocalContainerEntityManagerFactoryBean - Closing JPA EntityManagerFactory for persistence unit 'default'
2025-05-01 14:12:05 [restartedMain] INFO  c.m.m.SpringBasicLoggingApplication - Starting SpringBasicLoggingApplication using Java 17.0.13 with PID 3800 (C:\Users\Seongbin\IdeaProjects\REST_api\SpringBasicLogging\build\classes\java\main started by Seongbin in C:\Users\Seongbin\IdeaProjects\REST_api)
2025-05-01 14:12:05 [restartedMain] DEBUG c.m.m.SpringBasicLoggingApplication - Running with Spring Boot v3.4.5, Spring v6.2.6
2025-05-01 14:12:05 [restartedMain] INFO  c.m.m.SpringBasicLoggingApplication - No active profile set, falling back to 1 default profile: "default"
2025-05-01 14:12:05 [restartedMain] INFO  o.s.d.r.c.RepositoryConfigurationDelegate - Bootstrapping Spring Data JPA repositories in DEFAULT mode.
2025-05-01 14:12:05 [restartedMain] INFO  o.s.d.r.c.RepositoryConfigurationDelegate - Finished Spring Data repository scanning in 5 ms. Found 1 JPA repository interface.
2025-05-01 14:12:05 [restartedMain] INFO  o.s.b.w.e.tomcat.TomcatWebServer - Tomcat initialized with port 8080 (http)
2025-05-01 14:12:05 [restartedMain] INFO  o.s.b.w.s.c.ServletWebServerApplicationContext - Root WebApplicationContext: initialization completed in 158 ms
2025-05-01 14:12:05 [restartedMain] INFO  o.s.o.j.p.SpringPersistenceUnitInfo - No LoadTimeWeaver setup: ignoring JPA class transformer
2025-05-01 14:12:05 [restartedMain] INFO  o.s.o.j.LocalContainerEntityManagerFactoryBean - Initialized JPA EntityManagerFactory for persistence unit 'default'
2025-05-01 14:12:05 [restartedMain] INFO  o.s.b.d.a.OptionalLiveReloadServer - LiveReload server is running on port 35729
2025-05-01 14:12:05 [restartedMain] INFO  o.s.b.w.e.tomcat.TomcatWebServer - Tomcat started on port 8080 (http) with context path '/'
2025-05-01 14:12:05 [restartedMain] INFO  c.m.m.SpringBasicLoggingApplication - Started SpringBasicLoggingApplication in 0.296 seconds (process running for 1490.773)
2025-05-01 14:12:05 [restartedMain] INFO  o.s.b.d.a.ConditionEvaluationDeltaLoggingListener - Condition evaluation unchanged
2025-05-01 14:12:59 [File Watcher] INFO  o.s.b.d.a.LocalDevToolsAutoConfiguration$RestartingClassPathChangeChangedEventListener - Restarting due to 1 class path change (0 additions, 0 deletions, 1 modification)
2025-05-01 14:12:59 [Thread-15] INFO  o.s.b.w.e.tomcat.GracefulShutdown - Commencing graceful shutdown. Waiting for active requests to complete
2025-05-01 14:12:59 [tomcat-shutdown] INFO  o.s.b.w.e.tomcat.GracefulShutdown - Graceful shutdown complete
2025-05-01 14:12:59 [Thread-15] INFO  o.s.o.j.LocalContainerEntityManagerFactoryBean - Closing JPA EntityManagerFactory for persistence unit 'default'
2025-05-01 14:12:59 [restartedMain] INFO  c.m.m.SpringBasicLoggingApplication - Starting SpringBasicLoggingApplication using Java 17.0.13 with PID 3800 (C:\Users\Seongbin\IdeaProjects\REST_api\SpringBasicLogging\build\classes\java\main started by Seongbin in C:\Users\Seongbin\IdeaProjects\REST_api)
2025-05-01 14:12:59 [restartedMain] DEBUG c.m.m.SpringBasicLoggingApplication - Running with Spring Boot v3.4.5, Spring v6.2.6
2025-05-01 14:12:59 [restartedMain] INFO  c.m.m.SpringBasicLoggingApplication - No active profile set, falling back to 1 default profile: "default"
2025-05-01 14:12:59 [restartedMain] INFO  o.s.d.r.c.RepositoryConfigurationDelegate - Bootstrapping Spring Data JPA repositories in DEFAULT mode.
2025-05-01 14:12:59 [restartedMain] INFO  o.s.d.r.c.RepositoryConfigurationDelegate - Finished Spring Data repository scanning in 6 ms. Found 1 JPA repository interface.
2025-05-01 14:12:59 [restartedMain] INFO  o.s.b.w.e.tomcat.TomcatWebServer - Tomcat initialized with port 8080 (http)
2025-05-01 14:12:59 [restartedMain] INFO  o.s.b.w.s.c.ServletWebServerApplicationContext - Root WebApplicationContext: initialization completed in 152 ms
2025-05-01 14:12:59 [restartedMain] INFO  o.s.o.j.p.SpringPersistenceUnitInfo - No LoadTimeWeaver setup: ignoring JPA class transformer
2025-05-01 14:12:59 [restartedMain] INFO  o.s.o.j.LocalContainerEntityManagerFactoryBean - Initialized JPA EntityManagerFactory for persistence unit 'default'
2025-05-01 14:12:59 [restartedMain] INFO  o.s.b.d.a.OptionalLiveReloadServer - LiveReload server is running on port 35729
2025-05-01 14:12:59 [restartedMain] INFO  o.s.b.w.e.tomcat.TomcatWebServer - Tomcat started on port 8080 (http) with context path '/'
2025-05-01 14:12:59 [restartedMain] INFO  c.m.m.SpringBasicLoggingApplication - Started SpringBasicLoggingApplication in 0.313 seconds (process running for 1544.568)
2025-05-01 14:12:59 [restartedMain] INFO  o.s.b.d.a.ConditionEvaluationDeltaLoggingListener - Condition evaluation unchanged
2025-05-01 14:14:51 [File Watcher] INFO  o.s.b.d.a.LocalDevToolsAutoConfiguration$RestartingClassPathChangeChangedEventListener - Restarting due to 1 class path change (0 additions, 0 deletions, 1 modification)
2025-05-01 14:14:51 [Thread-19] INFO  o.s.b.w.e.tomcat.GracefulShutdown - Commencing graceful shutdown. Waiting for active requests to complete
2025-05-01 14:14:51 [tomcat-shutdown] INFO  o.s.b.w.e.tomcat.GracefulShutdown - Graceful shutdown complete
2025-05-01 14:14:51 [Thread-19] INFO  o.s.o.j.LocalContainerEntityManagerFactoryBean - Closing JPA EntityManagerFactory for persistence unit 'default'
2025-05-01 14:14:51 [restartedMain] INFO  c.m.m.SpringBasicLoggingApplication - Starting SpringBasicLoggingApplication using Java 17.0.13 with PID 3800 (C:\Users\Seongbin\IdeaProjects\REST_api\SpringBasicLogging\build\classes\java\main started by Seongbin in C:\Users\Seongbin\IdeaProjects\REST_api)
2025-05-01 14:14:51 [restartedMain] DEBUG c.m.m.SpringBasicLoggingApplication - Running with Spring Boot v3.4.5, Spring v6.2.6
2025-05-01 14:14:51 [restartedMain] INFO  c.m.m.SpringBasicLoggingApplication - No active profile set, falling back to 1 default profile: "default"
2025-05-01 14:14:51 [restartedMain] INFO  o.s.d.r.c.RepositoryConfigurationDelegate - Bootstrapping Spring Data JPA repositories in DEFAULT mode.
2025-05-01 14:14:51 [restartedMain] INFO  o.s.d.r.c.RepositoryConfigurationDelegate - Finished Spring Data repository scanning in 6 ms. Found 1 JPA repository interface.
2025-05-01 14:14:51 [restartedMain] INFO  o.s.b.w.e.tomcat.TomcatWebServer - Tomcat initialized with port 8080 (http)
2025-05-01 14:14:51 [restartedMain] INFO  o.s.b.w.s.c.ServletWebServerApplicationContext - Root WebApplicationContext: initialization completed in 156 ms
2025-05-01 14:14:51 [restartedMain] INFO  o.s.o.j.p.SpringPersistenceUnitInfo - No LoadTimeWeaver setup: ignoring JPA class transformer
2025-05-01 14:14:51 [restartedMain] INFO  o.s.o.j.LocalContainerEntityManagerFactoryBean - Initialized JPA EntityManagerFactory for persistence unit 'default'
2025-05-01 14:14:51 [restartedMain] INFO  o.s.b.d.a.OptionalLiveReloadServer - LiveReload server is running on port 35729
2025-05-01 14:14:51 [restartedMain] INFO  o.s.b.w.e.tomcat.TomcatWebServer - Tomcat started on port 8080 (http) with context path '/'
2025-05-01 14:14:51 [restartedMain] INFO  c.m.m.SpringBasicLoggingApplication - Started SpringBasicLoggingApplication in 0.306 seconds (process running for 1656.866)
2025-05-01 14:14:51 [restartedMain] INFO  o.s.b.d.a.ConditionEvaluationDeltaLoggingListener - Condition evaluation unchanged
2025-05-01 14:18:15 [File Watcher] INFO  o.s.b.d.a.LocalDevToolsAutoConfiguration$RestartingClassPathChangeChangedEventListener - Restarting due to 1 class path change (0 additions, 0 deletions, 1 modification)
2025-05-01 14:18:15 [Thread-23] INFO  o.s.b.w.e.tomcat.GracefulShutdown - Commencing graceful shutdown. Waiting for active requests to complete
2025-05-01 14:18:15 [tomcat-shutdown] INFO  o.s.b.w.e.tomcat.GracefulShutdown - Graceful shutdown complete
2025-05-01 14:18:15 [Thread-23] INFO  o.s.o.j.LocalContainerEntityManagerFactoryBean - Closing JPA EntityManagerFactory for persistence unit 'default'
2025-05-01 14:18:15 [restartedMain] INFO  c.m.m.SpringBasicLoggingApplication - Starting SpringBasicLoggingApplication using Java 17.0.13 with PID 3800 (C:\Users\Seongbin\IdeaProjects\REST_api\SpringBasicLogging\build\classes\java\main started by Seongbin in C:\Users\Seongbin\IdeaProjects\REST_api)
2025-05-01 14:18:15 [restartedMain] DEBUG c.m.m.SpringBasicLoggingApplication - Running with Spring Boot v3.4.5, Spring v6.2.6
2025-05-01 14:18:15 [restartedMain] INFO  c.m.m.SpringBasicLoggingApplication - No active profile set, falling back to 1 default profile: "default"
2025-05-01 14:18:15 [restartedMain] INFO  o.s.d.r.c.RepositoryConfigurationDelegate - Bootstrapping Spring Data JPA repositories in DEFAULT mode.
2025-05-01 14:18:15 [restartedMain] INFO  o.s.d.r.c.RepositoryConfigurationDelegate - Finished Spring Data repository scanning in 5 ms. Found 1 JPA repository interface.
2025-05-01 14:18:16 [restartedMain] INFO  o.s.b.w.e.tomcat.TomcatWebServer - Tomcat initialized with port 8080 (http)
2025-05-01 14:18:16 [restartedMain] INFO  o.s.b.w.s.c.ServletWebServerApplicationContext - Root WebApplicationContext: initialization completed in 265 ms
2025-05-01 14:18:16 [restartedMain] INFO  o.s.o.j.p.SpringPersistenceUnitInfo - No LoadTimeWeaver setup: ignoring JPA class transformer
2025-05-01 14:18:16 [restartedMain] INFO  o.s.o.j.LocalContainerEntityManagerFactoryBean - Initialized JPA EntityManagerFactory for persistence unit 'default'
2025-05-01 14:18:16 [restartedMain] INFO  o.s.b.d.a.OptionalLiveReloadServer - LiveReload server is running on port 35729
2025-05-01 14:18:16 [restartedMain] INFO  o.s.b.w.e.tomcat.TomcatWebServer - Tomcat started on port 8080 (http) with context path '/'
2025-05-01 14:18:16 [restartedMain] INFO  c.m.m.SpringBasicLoggingApplication - Started SpringBasicLoggingApplication in 0.522 seconds (process running for 1861.416)
2025-05-01 14:18:16 [restartedMain] INFO  o.s.b.d.a.ConditionEvaluationDeltaLoggingListener - Condition evaluation unchanged
2025-05-01 14:19:36 [File Watcher] INFO  o.s.b.d.a.LocalDevToolsAutoConfiguration$RestartingClassPathChangeChangedEventListener - Restarting due to 1 class path change (0 additions, 0 deletions, 1 modification)
2025-05-01 14:19:36 [Thread-27] INFO  o.s.b.w.e.tomcat.GracefulShutdown - Commencing graceful shutdown. Waiting for active requests to complete
2025-05-01 14:19:36 [tomcat-shutdown] INFO  o.s.b.w.e.tomcat.GracefulShutdown - Graceful shutdown complete
2025-05-01 14:19:36 [Thread-27] INFO  o.s.o.j.LocalContainerEntityManagerFactoryBean - Closing JPA EntityManagerFactory for persistence unit 'default'
2025-05-01 14:19:36 [restartedMain] INFO  c.m.m.SpringBasicLoggingApplication - Starting SpringBasicLoggingApplication using Java 17.0.13 with PID 3800 (C:\Users\Seongbin\IdeaProjects\REST_api\SpringBasicLogging\build\classes\java\main started by Seongbin in C:\Users\Seongbin\IdeaProjects\REST_api)
2025-05-01 14:19:36 [restartedMain] DEBUG c.m.m.SpringBasicLoggingApplication - Running with Spring Boot v3.4.5, Spring v6.2.6
2025-05-01 14:19:36 [restartedMain] INFO  c.m.m.SpringBasicLoggingApplication - No active profile set, falling back to 1 default profile: "default"
2025-05-01 14:19:36 [restartedMain] INFO  o.s.d.r.c.RepositoryConfigurationDelegate - Bootstrapping Spring Data JPA repositories in DEFAULT mode.
2025-05-01 14:19:36 [restartedMain] INFO  o.s.d.r.c.RepositoryConfigurationDelegate - Finished Spring Data repository scanning in 5 ms. Found 1 JPA repository interface.
2025-05-01 14:19:36 [restartedMain] INFO  o.s.b.w.e.tomcat.TomcatWebServer - Tomcat initialized with port 8080 (http)
2025-05-01 14:19:36 [restartedMain] INFO  o.s.b.w.s.c.ServletWebServerApplicationContext - Root WebApplicationContext: initialization completed in 169 ms
2025-05-01 14:19:36 [restartedMain] INFO  o.s.o.j.p.SpringPersistenceUnitInfo - No LoadTimeWeaver setup: ignoring JPA class transformer
2025-05-01 14:19:36 [restartedMain] INFO  o.s.o.j.LocalContainerEntityManagerFactoryBean - Initialized JPA EntityManagerFactory for persistence unit 'default'
2025-05-01 14:19:37 [restartedMain] INFO  o.s.b.d.a.OptionalLiveReloadServer - LiveReload server is running on port 35729
2025-05-01 14:19:37 [restartedMain] INFO  o.s.b.w.e.tomcat.TomcatWebServer - Tomcat started on port 8080 (http) with context path '/'
2025-05-01 14:19:37 [restartedMain] INFO  c.m.m.SpringBasicLoggingApplication - Started SpringBasicLoggingApplication in 0.408 seconds (process running for 1942.14)
2025-05-01 14:19:37 [restartedMain] INFO  o.s.b.d.a.ConditionEvaluationDeltaLoggingListener - Condition evaluation unchanged
2025-05-01 14:20:27 [File Watcher] INFO  o.s.b.d.a.LocalDevToolsAutoConfiguration$RestartingClassPathChangeChangedEventListener - Restarting due to 1 class path change (0 additions, 0 deletions, 1 modification)
2025-05-01 14:20:27 [Thread-31] INFO  o.s.b.w.e.tomcat.GracefulShutdown - Commencing graceful shutdown. Waiting for active requests to complete
2025-05-01 14:20:27 [tomcat-shutdown] INFO  o.s.b.w.e.tomcat.GracefulShutdown - Graceful shutdown complete
2025-05-01 14:20:27 [Thread-31] INFO  o.s.o.j.LocalContainerEntityManagerFactoryBean - Closing JPA EntityManagerFactory for persistence unit 'default'
2025-05-01 14:20:27 [restartedMain] INFO  c.m.m.SpringBasicLoggingApplication - Starting SpringBasicLoggingApplication using Java 17.0.13 with PID 3800 (C:\Users\Seongbin\IdeaProjects\REST_api\SpringBasicLogging\build\classes\java\main started by Seongbin in C:\Users\Seongbin\IdeaProjects\REST_api)
2025-05-01 14:20:27 [restartedMain] DEBUG c.m.m.SpringBasicLoggingApplication - Running with Spring Boot v3.4.5, Spring v6.2.6
2025-05-01 14:20:27 [restartedMain] INFO  c.m.m.SpringBasicLoggingApplication - No active profile set, falling back to 1 default profile: "default"
2025-05-01 14:20:27 [restartedMain] INFO  o.s.d.r.c.RepositoryConfigurationDelegate - Bootstrapping Spring Data JPA repositories in DEFAULT mode.
2025-05-01 14:20:27 [restartedMain] INFO  o.s.d.r.c.RepositoryConfigurationDelegate - Finished Spring Data repository scanning in 5 ms. Found 1 JPA repository interface.
2025-05-01 14:20:27 [restartedMain] INFO  o.s.b.w.e.tomcat.TomcatWebServer - Tomcat initialized with port 8080 (http)
2025-05-01 14:20:27 [restartedMain] INFO  o.s.b.w.s.c.ServletWebServerApplicationContext - Root WebApplicationContext: initialization completed in 162 ms
2025-05-01 14:20:27 [restartedMain] INFO  o.s.o.j.p.SpringPersistenceUnitInfo - No LoadTimeWeaver setup: ignoring JPA class transformer
2025-05-01 14:20:27 [restartedMain] INFO  o.s.o.j.LocalContainerEntityManagerFactoryBean - Initialized JPA EntityManagerFactory for persistence unit 'default'
2025-05-01 14:20:27 [restartedMain] INFO  o.s.b.d.a.OptionalLiveReloadServer - LiveReload server is running on port 35729
2025-05-01 14:20:27 [restartedMain] INFO  o.s.b.w.e.tomcat.TomcatWebServer - Tomcat started on port 8080 (http) with context path '/'
2025-05-01 14:20:27 [restartedMain] INFO  c.m.m.SpringBasicLoggingApplication - Started SpringBasicLoggingApplication in 0.394 seconds (process running for 1992.976)
2025-05-01 14:20:27 [restartedMain] INFO  o.s.b.d.a.ConditionEvaluationDeltaLoggingListener - Condition evaluation unchanged
2025-05-01 14:22:48 [SpringApplicationShutdownHook] INFO  o.s.b.w.e.tomcat.GracefulShutdown - Commencing graceful shutdown. Waiting for active requests to complete
2025-05-01 14:22:48 [tomcat-shutdown] INFO  o.s.b.w.e.tomcat.GracefulShutdown - Graceful shutdown complete
2025-05-01 14:22:48 [SpringApplicationShutdownHook] INFO  o.s.o.j.LocalContainerEntityManagerFactoryBean - Closing JPA EntityManagerFactory for persistence unit 'default'
2025-05-01 14:22:50 [restartedMain] INFO  c.m.m.SpringBasicLoggingApplication - Starting SpringBasicLoggingApplication using Java 17.0.13 with PID 8300 (C:\Users\Seongbin\IdeaProjects\REST_api\SpringBasicLogging\build\classes\java\main started by Seongbin in C:\Users\Seongbin\IdeaProjects\REST_api)
2025-05-01 14:22:50 [restartedMain] DEBUG c.m.m.SpringBasicLoggingApplication - Running with Spring Boot v3.4.5, Spring v6.2.6
2025-05-01 14:22:50 [restartedMain] INFO  c.m.m.SpringBasicLoggingApplication - No active profile set, falling back to 1 default profile: "default"
2025-05-01 14:22:50 [restartedMain] INFO  o.s.b.d.e.DevToolsPropertyDefaultsPostProcessor - Devtools property defaults active! Set 'spring.devtools.add-properties' to 'false' to disable
2025-05-01 14:22:50 [restartedMain] INFO  o.s.b.d.e.DevToolsPropertyDefaultsPostProcessor - For additional web related logging consider setting the 'logging.level.web' property to 'DEBUG'
2025-05-01 14:22:51 [restartedMain] INFO  o.s.d.r.c.RepositoryConfigurationDelegate - Bootstrapping Spring Data JPA repositories in DEFAULT mode.
2025-05-01 14:22:51 [restartedMain] INFO  o.s.d.r.c.RepositoryConfigurationDelegate - Finished Spring Data repository scanning in 31 ms. Found 1 JPA repository interface.
2025-05-01 14:22:51 [restartedMain] INFO  o.s.b.w.e.tomcat.TomcatWebServer - Tomcat initialized with port 8080 (http)
2025-05-01 14:22:51 [restartedMain] INFO  o.s.b.w.s.c.ServletWebServerApplicationContext - Root WebApplicationContext: initialization completed in 776 ms
2025-05-01 14:22:51 [restartedMain] INFO  o.s.o.j.p.SpringPersistenceUnitInfo - No LoadTimeWeaver setup: ignoring JPA class transformer
2025-05-01 14:22:52 [restartedMain] INFO  o.s.o.j.LocalContainerEntityManagerFactoryBean - Initialized JPA EntityManagerFactory for persistence unit 'default'
2025-05-01 14:22:53 [restartedMain] INFO  o.s.b.d.a.OptionalLiveReloadServer - LiveReload server is running on port 35729
2025-05-01 14:22:53 [restartedMain] INFO  o.s.b.w.e.tomcat.TomcatWebServer - Tomcat started on port 8080 (http) with context path '/'
2025-05-01 14:22:53 [restartedMain] INFO  c.m.m.SpringBasicLoggingApplication - Started SpringBasicLoggingApplication in 2.611 seconds (process running for 3.085)
2025-05-01 14:23:25 [File Watcher] INFO  o.s.b.d.a.LocalDevToolsAutoConfiguration$RestartingClassPathChangeChangedEventListener - Restarting due to 1 class path change (0 additions, 0 deletions, 1 modification)
2025-05-01 14:23:26 [Thread-5] INFO  o.s.b.w.e.tomcat.GracefulShutdown - Commencing graceful shutdown. Waiting for active requests to complete
2025-05-01 14:23:26 [tomcat-shutdown] INFO  o.s.b.w.e.tomcat.GracefulShutdown - Graceful shutdown complete
2025-05-01 14:23:26 [Thread-5] INFO  o.s.o.j.LocalContainerEntityManagerFactoryBean - Closing JPA EntityManagerFactory for persistence unit 'default'
2025-05-01 14:23:26 [restartedMain] INFO  c.m.m.SpringBasicLoggingApplication - Starting SpringBasicLoggingApplication using Java 17.0.13 with PID 8300 (C:\Users\Seongbin\IdeaProjects\REST_api\SpringBasicLogging\build\classes\java\main started by Seongbin in C:\Users\Seongbin\IdeaProjects\REST_api)
2025-05-01 14:23:26 [restartedMain] DEBUG c.m.m.SpringBasicLoggingApplication - Running with Spring Boot v3.4.5, Spring v6.2.6
2025-05-01 14:23:26 [restartedMain] INFO  c.m.m.SpringBasicLoggingApplication - No active profile set, falling back to 1 default profile: "default"
2025-05-01 14:23:26 [restartedMain] INFO  o.s.d.r.c.RepositoryConfigurationDelegate - Bootstrapping Spring Data JPA repositories in DEFAULT mode.
2025-05-01 14:23:26 [restartedMain] INFO  o.s.d.r.c.RepositoryConfigurationDelegate - Finished Spring Data repository scanning in 8 ms. Found 1 JPA repository interface.
2025-05-01 14:23:26 [restartedMain] INFO  o.s.b.w.e.tomcat.TomcatWebServer - Tomcat initialized with port 8080 (http)
2025-05-01 14:23:26 [restartedMain] INFO  o.s.b.w.s.c.ServletWebServerApplicationContext - Root WebApplicationContext: initialization completed in 206 ms
2025-05-01 14:23:26 [restartedMain] INFO  o.s.o.j.p.SpringPersistenceUnitInfo - No LoadTimeWeaver setup: ignoring JPA class transformer
2025-05-01 14:23:26 [restartedMain] INFO  o.s.o.j.LocalContainerEntityManagerFactoryBean - Initialized JPA EntityManagerFactory for persistence unit 'default'
2025-05-01 14:23:26 [restartedMain] INFO  o.s.b.d.a.OptionalLiveReloadServer - LiveReload server is running on port 35729
2025-05-01 14:23:26 [restartedMain] INFO  o.s.b.w.e.tomcat.TomcatWebServer - Tomcat started on port 8080 (http) with context path '/'
2025-05-01 14:23:26 [restartedMain] INFO  c.m.m.SpringBasicLoggingApplication - Started SpringBasicLoggingApplication in 0.472 seconds (process running for 36.607)
2025-05-01 14:23:26 [restartedMain] INFO  o.s.b.d.a.ConditionEvaluationDeltaLoggingListener - Condition evaluation unchanged
2025-05-01 14:23:34 [http-nio-8080-exec-2] INFO  o.s.web.servlet.DispatcherServlet - Initializing Servlet 'dispatcherServlet'
2025-05-01 14:23:34 [http-nio-8080-exec-2] INFO  o.s.web.servlet.DispatcherServlet - Completed initialization in 0 ms
2025-05-01 14:23:34 [http-nio-8080-exec-2] DEBUG c.m.m.c.StudentControllerCrud - listStudent() debug
2025-05-01 14:23:34 [http-nio-8080-exec-2] INFO  c.m.m.c.StudentControllerCrud - listStudent() info
2025-05-01 14:23:34 [http-nio-8080-exec-2] WARN  c.m.m.c.StudentControllerCrud - listStudent() warn
2025-05-01 14:24:15 [File Watcher] INFO  o.s.b.d.a.LocalDevToolsAutoConfiguration$RestartingClassPathChangeChangedEventListener - Restarting due to 1 class path change (1 addition, 0 deletions, 0 modifications)
2025-05-01 14:24:15 [Thread-7] INFO  o.s.b.w.e.tomcat.GracefulShutdown - Commencing graceful shutdown. Waiting for active requests to complete
2025-05-01 14:24:15 [tomcat-shutdown] INFO  o.s.b.w.e.tomcat.GracefulShutdown - Graceful shutdown complete
2025-05-01 14:24:15 [Thread-7] INFO  o.s.o.j.LocalContainerEntityManagerFactoryBean - Closing JPA EntityManagerFactory for persistence unit 'default'
2025-05-01 14:24:15 [restartedMain] INFO  c.m.m.SpringBasicLoggingApplication - Starting SpringBasicLoggingApplication using Java 17.0.13 with PID 8300 (C:\Users\Seongbin\IdeaProjects\REST_api\SpringBasicLogging\build\classes\java\main started by Seongbin in C:\Users\Seongbin\IdeaProjects\REST_api)
2025-05-01 14:24:15 [restartedMain] DEBUG c.m.m.SpringBasicLoggingApplication - Running with Spring Boot v3.4.5, Spring v6.2.6
2025-05-01 14:24:15 [restartedMain] INFO  c.m.m.SpringBasicLoggingApplication - No active profile set, falling back to 1 default profile: "default"
2025-05-01 14:24:16 [restartedMain] INFO  o.s.d.r.c.RepositoryConfigurationDelegate - Bootstrapping Spring Data JPA repositories in DEFAULT mode.
2025-05-01 14:24:16 [restartedMain] INFO  o.s.d.r.c.RepositoryConfigurationDelegate - Finished Spring Data repository scanning in 6 ms. Found 1 JPA repository interface.
2025-05-01 14:24:16 [restartedMain] INFO  o.s.b.w.e.tomcat.TomcatWebServer - Tomcat initialized with port 8080 (http)
2025-05-01 14:24:16 [restartedMain] INFO  o.s.b.w.s.c.ServletWebServerApplicationContext - Root WebApplicationContext: initialization completed in 184 ms
2025-05-01 14:24:16 [restartedMain] INFO  o.s.o.j.p.SpringPersistenceUnitInfo - No LoadTimeWeaver setup: ignoring JPA class transformer
2025-05-01 14:24:16 [restartedMain] INFO  o.s.o.j.LocalContainerEntityManagerFactoryBean - Initialized JPA EntityManagerFactory for persistence unit 'default'
2025-05-01 14:24:16 [restartedMain] INFO  o.s.b.d.a.OptionalLiveReloadServer - LiveReload server is running on port 35729
2025-05-01 14:24:16 [restartedMain] INFO  o.s.b.w.e.tomcat.TomcatWebServer - Tomcat started on port 8080 (http) with context path '/'
2025-05-01 14:24:16 [restartedMain] INFO  c.m.m.SpringBasicLoggingApplication - Started SpringBasicLoggingApplication in 0.439 seconds (process running for 86.375)
2025-05-01 14:24:16 [restartedMain] INFO  o.s.b.d.a.ConditionEvaluationDeltaLoggingListener - Condition evaluation unchanged
2025-05-01 14:25:50 [File Watcher] INFO  o.s.b.d.a.LocalDevToolsAutoConfiguration$RestartingClassPathChangeChangedEventListener - Restarting due to 1 class path change (0 additions, 1 deletion, 0 modifications)
2025-05-01 14:25:50 [Thread-11] INFO  o.s.b.w.e.tomcat.GracefulShutdown - Commencing graceful shutdown. Waiting for active requests to complete
2025-05-01 14:25:50 [tomcat-shutdown] INFO  o.s.b.w.e.tomcat.GracefulShutdown - Graceful shutdown complete
2025-05-01 14:25:50 [Thread-11] INFO  o.s.o.j.LocalContainerEntityManagerFactoryBean - Closing JPA EntityManagerFactory for persistence unit 'default'
2025-05-01 14:25:50 [restartedMain] INFO  c.m.m.SpringBasicLoggingApplication - Starting SpringBasicLoggingApplication using Java 17.0.13 with PID 8300 (C:\Users\Seongbin\IdeaProjects\REST_api\SpringBasicLogging\build\classes\java\main started by Seongbin in C:\Users\Seongbin\IdeaProjects\REST_api)
2025-05-01 14:25:50 [restartedMain] DEBUG c.m.m.SpringBasicLoggingApplication - Running with Spring Boot v3.4.5, Spring v6.2.6
2025-05-01 14:25:50 [restartedMain] INFO  c.m.m.SpringBasicLoggingApplication - No active profile set, falling back to 1 default profile: "default"
2025-05-01 14:25:50 [restartedMain] INFO  o.s.d.r.c.RepositoryConfigurationDelegate - Bootstrapping Spring Data JPA repositories in DEFAULT mode.
2025-05-01 14:25:50 [restartedMain] INFO  o.s.d.r.c.RepositoryConfigurationDelegate - Finished Spring Data repository scanning in 6 ms. Found 1 JPA repository interface.
2025-05-01 14:25:50 [restartedMain] INFO  o.s.b.w.e.tomcat.TomcatWebServer - Tomcat initialized with port 8080 (http)
2025-05-01 14:25:50 [restartedMain] INFO  o.s.b.w.s.c.ServletWebServerApplicationContext - Root WebApplicationContext: initialization completed in 182 ms
2025-05-01 14:25:50 [restartedMain] INFO  o.s.o.j.p.SpringPersistenceUnitInfo - No LoadTimeWeaver setup: ignoring JPA class transformer
2025-05-01 14:25:50 [restartedMain] INFO  o.s.o.j.LocalContainerEntityManagerFactoryBean - Initialized JPA EntityManagerFactory for persistence unit 'default'
2025-05-01 14:25:50 [restartedMain] INFO  o.s.b.d.a.OptionalLiveReloadServer - LiveReload server is running on port 35729
2025-05-01 14:25:51 [restartedMain] INFO  o.s.b.w.e.tomcat.TomcatWebServer - Tomcat started on port 8080 (http) with context path '/'
2025-05-01 14:25:51 [restartedMain] INFO  c.m.m.SpringBasicLoggingApplication - Started SpringBasicLoggingApplication in 0.46 seconds (process running for 181.014)
2025-05-01 14:25:51 [restartedMain] INFO  o.s.b.d.a.ConditionEvaluationDeltaLoggingListener - Condition evaluation unchanged
2025-05-01 14:25:52 [File Watcher] INFO  o.s.b.d.a.LocalDevToolsAutoConfiguration$RestartingClassPathChangeChangedEventListener - Restarting due to 1 class path change (1 addition, 0 deletions, 0 modifications)
2025-05-01 14:25:52 [Thread-15] INFO  o.s.b.w.e.tomcat.GracefulShutdown - Commencing graceful shutdown. Waiting for active requests to complete
2025-05-01 14:25:52 [tomcat-shutdown] INFO  o.s.b.w.e.tomcat.GracefulShutdown - Graceful shutdown complete
2025-05-01 14:25:52 [Thread-15] INFO  o.s.o.j.LocalContainerEntityManagerFactoryBean - Closing JPA EntityManagerFactory for persistence unit 'default'
2025-05-01 14:25:52 [restartedMain] INFO  c.m.m.SpringBasicLoggingApplication - Starting SpringBasicLoggingApplication using Java 17.0.13 with PID 8300 (C:\Users\Seongbin\IdeaProjects\REST_api\SpringBasicLogging\build\classes\java\main started by Seongbin in C:\Users\Seongbin\IdeaProjects\REST_api)
2025-05-01 14:25:52 [restartedMain] DEBUG c.m.m.SpringBasicLoggingApplication - Running with Spring Boot v3.4.5, Spring v6.2.6
2025-05-01 14:25:52 [restartedMain] INFO  c.m.m.SpringBasicLoggingApplication - No active profile set, falling back to 1 default profile: "default"
2025-05-01 14:25:52 [restartedMain] INFO  o.s.d.r.c.RepositoryConfigurationDelegate - Bootstrapping Spring Data JPA repositories in DEFAULT mode.
2025-05-01 14:25:52 [restartedMain] INFO  o.s.d.r.c.RepositoryConfigurationDelegate - Finished Spring Data repository scanning in 6 ms. Found 1 JPA repository interface.
2025-05-01 14:25:52 [restartedMain] INFO  o.s.b.w.e.tomcat.TomcatWebServer - Tomcat initialized with port 8080 (http)
2025-05-01 14:25:52 [restartedMain] INFO  o.s.b.w.s.c.ServletWebServerApplicationContext - Root WebApplicationContext: initialization completed in 179 ms
2025-05-01 14:25:52 [restartedMain] INFO  o.s.o.j.p.SpringPersistenceUnitInfo - No LoadTimeWeaver setup: ignoring JPA class transformer
2025-05-01 14:25:52 [restartedMain] INFO  o.s.o.j.LocalContainerEntityManagerFactoryBean - Initialized JPA EntityManagerFactory for persistence unit 'default'
2025-05-01 14:25:52 [restartedMain] INFO  o.s.b.d.a.OptionalLiveReloadServer - LiveReload server is running on port 35729
2025-05-01 14:25:52 [restartedMain] INFO  o.s.b.w.e.tomcat.TomcatWebServer - Tomcat started on port 8080 (http) with context path '/'
2025-05-01 14:25:52 [restartedMain] INFO  c.m.m.SpringBasicLoggingApplication - Started SpringBasicLoggingApplication in 0.434 seconds (process running for 182.963)
2025-05-01 14:25:52 [restartedMain] INFO  o.s.b.d.a.ConditionEvaluationDeltaLoggingListener - Condition evaluation unchanged
2025-05-01 14:26:41 [File Watcher] INFO  o.s.b.d.a.LocalDevToolsAutoConfiguration$RestartingClassPathChangeChangedEventListener - Restarting due to 1 class path change (0 additions, 0 deletions, 1 modification)
2025-05-01 14:26:41 [Thread-19] INFO  o.s.b.w.e.tomcat.GracefulShutdown - Commencing graceful shutdown. Waiting for active requests to complete
2025-05-01 14:26:41 [tomcat-shutdown] INFO  o.s.b.w.e.tomcat.GracefulShutdown - Graceful shutdown complete
2025-05-01 14:26:41 [Thread-19] INFO  o.s.o.j.LocalContainerEntityManagerFactoryBean - Closing JPA EntityManagerFactory for persistence unit 'default'
2025-05-01 14:26:41 [restartedMain] INFO  c.m.m.SpringBasicLoggingApplication - Starting SpringBasicLoggingApplication using Java 17.0.13 with PID 8300 (C:\Users\Seongbin\IdeaProjects\REST_api\SpringBasicLogging\build\classes\java\main started by Seongbin in C:\Users\Seongbin\IdeaProjects\REST_api)
2025-05-01 14:26:41 [restartedMain] DEBUG c.m.m.SpringBasicLoggingApplication - Running with Spring Boot v3.4.5, Spring v6.2.6
2025-05-01 14:26:41 [restartedMain] INFO  c.m.m.SpringBasicLoggingApplication - No active profile set, falling back to 1 default profile: "default"
2025-05-01 14:26:41 [restartedMain] INFO  o.s.d.r.c.RepositoryConfigurationDelegate - Bootstrapping Spring Data JPA repositories in DEFAULT mode.
2025-05-01 14:26:41 [restartedMain] INFO  o.s.d.r.c.RepositoryConfigurationDelegate - Finished Spring Data repository scanning in 5 ms. Found 1 JPA repository interface.
2025-05-01 14:26:41 [restartedMain] INFO  o.s.b.w.e.tomcat.TomcatWebServer - Tomcat initialized with port 8080 (http)
2025-05-01 14:26:41 [restartedMain] INFO  o.s.b.w.s.c.ServletWebServerApplicationContext - Root WebApplicationContext: initialization completed in 186 ms
2025-05-01 14:26:42 [restartedMain] INFO  o.s.o.j.p.SpringPersistenceUnitInfo - No LoadTimeWeaver setup: ignoring JPA class transformer
2025-05-01 14:26:42 [restartedMain] INFO  o.s.o.j.LocalContainerEntityManagerFactoryBean - Initialized JPA EntityManagerFactory for persistence unit 'default'
2025-05-01 14:26:42 [restartedMain] INFO  o.s.b.d.a.OptionalLiveReloadServer - LiveReload server is running on port 35729
2025-05-01 14:26:42 [restartedMain] INFO  o.s.b.w.e.tomcat.TomcatWebServer - Tomcat started on port 8080 (http) with context path '/'
2025-05-01 14:26:42 [restartedMain] INFO  c.m.m.SpringBasicLoggingApplication - Started SpringBasicLoggingApplication in 0.434 seconds (process running for 232.194)
2025-05-01 14:26:42 [restartedMain] INFO  o.s.b.d.a.ConditionEvaluationDeltaLoggingListener - Condition evaluation unchanged
2025-05-01 14:27:25 [File Watcher] INFO  o.s.b.d.a.LocalDevToolsAutoConfiguration$RestartingClassPathChangeChangedEventListener - Restarting due to 3 class path changes (1 addition, 0 deletions, 2 modifications)
2025-05-01 14:27:25 [Thread-23] INFO  o.s.b.w.e.tomcat.GracefulShutdown - Commencing graceful shutdown. Waiting for active requests to complete
2025-05-01 14:27:25 [tomcat-shutdown] INFO  o.s.b.w.e.tomcat.GracefulShutdown - Graceful shutdown complete
2025-05-01 14:27:25 [Thread-23] INFO  o.s.o.j.LocalContainerEntityManagerFactoryBean - Closing JPA EntityManagerFactory for persistence unit 'default'
2025-05-01 14:27:25 [restartedMain] INFO  c.m.m.SpringBasicLoggingApplication - Starting SpringBasicLoggingApplication using Java 17.0.13 with PID 8300 (C:\Users\Seongbin\IdeaProjects\REST_api\SpringBasicLogging\build\classes\java\main started by Seongbin in C:\Users\Seongbin\IdeaProjects\REST_api)
2025-05-01 14:27:25 [restartedMain] DEBUG c.m.m.SpringBasicLoggingApplication - Running with Spring Boot v3.4.5, Spring v6.2.6
2025-05-01 14:27:25 [restartedMain] INFO  c.m.m.SpringBasicLoggingApplication - No active profile set, falling back to 1 default profile: "default"
2025-05-01 14:27:25 [restartedMain] INFO  o.s.d.r.c.RepositoryConfigurationDelegate - Bootstrapping Spring Data JPA repositories in DEFAULT mode.
2025-05-01 14:27:25 [restartedMain] INFO  o.s.d.r.c.RepositoryConfigurationDelegate - Finished Spring Data repository scanning in 5 ms. Found 1 JPA repository interface.
2025-05-01 14:27:25 [restartedMain] INFO  o.s.b.w.e.tomcat.TomcatWebServer - Tomcat initialized with port 8080 (http)
2025-05-01 14:27:25 [restartedMain] INFO  o.s.b.w.s.c.ServletWebServerApplicationContext - Root WebApplicationContext: initialization completed in 171 ms
2025-05-01 14:27:25 [restartedMain] INFO  o.s.o.j.p.SpringPersistenceUnitInfo - No LoadTimeWeaver setup: ignoring JPA class transformer
2025-05-01 14:27:25 [restartedMain] INFO  o.s.o.j.LocalContainerEntityManagerFactoryBean - Initialized JPA EntityManagerFactory for persistence unit 'default'
2025-05-01 14:27:25 [restartedMain] INFO  o.s.b.d.a.OptionalLiveReloadServer - LiveReload server is running on port 35729
2025-05-01 14:27:25 [restartedMain] INFO  o.s.b.w.e.tomcat.TomcatWebServer - Tomcat started on port 8080 (http) with context path '/'
2025-05-01 14:27:25 [restartedMain] INFO  c.m.m.SpringBasicLoggingApplication - Started SpringBasicLoggingApplication in 0.42 seconds (process running for 275.875)
2025-05-01 14:27:25 [restartedMain] INFO  o.s.b.d.a.ConditionEvaluationDeltaLoggingListener - Condition evaluation unchanged
2025-05-01 14:28:16 [SpringApplicationShutdownHook] INFO  o.s.b.w.e.tomcat.GracefulShutdown - Commencing graceful shutdown. Waiting for active requests to complete
2025-05-01 14:28:16 [tomcat-shutdown] INFO  o.s.b.w.e.tomcat.GracefulShutdown - Graceful shutdown complete
2025-05-01 14:28:16 [SpringApplicationShutdownHook] INFO  o.s.o.j.LocalContainerEntityManagerFactoryBean - Closing JPA EntityManagerFactory for persistence unit 'default'
2025-05-01 14:28:18 [restartedMain] INFO  c.m.m.SpringBasicLoggingApplication - Starting SpringBasicLoggingApplication using Java 17.0.13 with PID 4240 (C:\Users\Seongbin\IdeaProjects\REST_api\SpringBasicLogging\build\classes\java\main started by Seongbin in C:\Users\Seongbin\IdeaProjects\REST_api)
2025-05-01 14:28:18 [restartedMain] DEBUG c.m.m.SpringBasicLoggingApplication - Running with Spring Boot v3.4.5, Spring v6.2.6
2025-05-01 14:28:18 [restartedMain] INFO  c.m.m.SpringBasicLoggingApplication - No active profile set, falling back to 1 default profile: "default"
2025-05-01 14:28:18 [restartedMain] INFO  o.s.b.d.e.DevToolsPropertyDefaultsPostProcessor - Devtools property defaults active! Set 'spring.devtools.add-properties' to 'false' to disable
2025-05-01 14:28:18 [restartedMain] INFO  o.s.b.d.e.DevToolsPropertyDefaultsPostProcessor - For additional web related logging consider setting the 'logging.level.web' property to 'DEBUG'
2025-05-01 14:28:18 [restartedMain] INFO  o.s.d.r.c.RepositoryConfigurationDelegate - Bootstrapping Spring Data JPA repositories in DEFAULT mode.
2025-05-01 14:28:18 [restartedMain] INFO  o.s.d.r.c.RepositoryConfigurationDelegate - Finished Spring Data repository scanning in 27 ms. Found 1 JPA repository interface.
2025-05-01 14:28:19 [restartedMain] INFO  o.s.b.w.e.tomcat.TomcatWebServer - Tomcat initialized with port 8080 (http)
2025-05-01 14:28:19 [restartedMain] INFO  o.s.b.w.s.c.ServletWebServerApplicationContext - Root WebApplicationContext: initialization completed in 804 ms
2025-05-01 14:28:19 [restartedMain] INFO  o.s.o.j.p.SpringPersistenceUnitInfo - No LoadTimeWeaver setup: ignoring JPA class transformer
2025-05-01 14:28:20 [restartedMain] INFO  o.s.o.j.LocalContainerEntityManagerFactoryBean - Initialized JPA EntityManagerFactory for persistence unit 'default'
2025-05-01 14:28:20 [restartedMain] INFO  o.s.b.d.a.OptionalLiveReloadServer - LiveReload server is running on port 35729
2025-05-01 14:28:20 [restartedMain] INFO  o.s.b.w.e.tomcat.TomcatWebServer - Tomcat started on port 8080 (http) with context path '/'
2025-05-01 14:28:20 [restartedMain] INFO  c.m.m.SpringBasicLoggingApplication - Started SpringBasicLoggingApplication in 2.531 seconds (process running for 3.001)
2025-05-01 14:28:38 [http-nio-8080-exec-1] INFO  o.s.web.servlet.DispatcherServlet - Initializing Servlet 'dispatcherServlet'
2025-05-01 14:28:38 [http-nio-8080-exec-1] INFO  o.s.web.servlet.DispatcherServlet - Completed initialization in 1 ms
2025-05-01 14:29:01 [SpringApplicationShutdownHook] INFO  o.s.b.w.e.tomcat.GracefulShutdown - Commencing graceful shutdown. Waiting for active requests to complete
2025-05-01 14:29:01 [tomcat-shutdown] INFO  o.s.b.w.e.tomcat.GracefulShutdown - Graceful shutdown complete
2025-05-01 14:29:01 [SpringApplicationShutdownHook] INFO  o.s.o.j.LocalContainerEntityManagerFactoryBean - Closing JPA EntityManagerFactory for persistence unit 'default'
2025-05-01 14:29:03 [restartedMain] INFO  c.m.m.SpringBasicLoggingApplication - Starting SpringBasicLoggingApplication using Java 17.0.13 with PID 25848 (C:\Users\Seongbin\IdeaProjects\REST_api\SpringBasicLogging\build\classes\java\main started by Seongbin in C:\Users\Seongbin\IdeaProjects\REST_api)
2025-05-01 14:29:03 [restartedMain] DEBUG c.m.m.SpringBasicLoggingApplication - Running with Spring Boot v3.4.5, Spring v6.2.6
2025-05-01 14:29:03 [restartedMain] INFO  c.m.m.SpringBasicLoggingApplication - No active profile set, falling back to 1 default profile: "default"
2025-05-01 14:29:03 [restartedMain] INFO  o.s.b.d.e.DevToolsPropertyDefaultsPostProcessor - Devtools property defaults active! Set 'spring.devtools.add-properties' to 'false' to disable
2025-05-01 14:29:03 [restartedMain] INFO  o.s.b.d.e.DevToolsPropertyDefaultsPostProcessor - For additional web related logging consider setting the 'logging.level.web' property to 'DEBUG'
2025-05-01 14:29:03 [restartedMain] INFO  o.s.d.r.c.RepositoryConfigurationDelegate - Bootstrapping Spring Data JPA repositories in DEFAULT mode.
2025-05-01 14:29:03 [restartedMain] INFO  o.s.d.r.c.RepositoryConfigurationDelegate - Finished Spring Data repository scanning in 34 ms. Found 1 JPA repository interface.
2025-05-01 14:29:04 [restartedMain] INFO  o.s.b.w.e.tomcat.TomcatWebServer - Tomcat initialized with port 8080 (http)
2025-05-01 14:29:04 [restartedMain] INFO  o.s.b.w.s.c.ServletWebServerApplicationContext - Root WebApplicationContext: initialization completed in 783 ms
2025-05-01 14:29:04 [restartedMain] INFO  o.s.o.j.p.SpringPersistenceUnitInfo - No LoadTimeWeaver setup: ignoring JPA class transformer
2025-05-01 14:29:05 [restartedMain] INFO  o.s.o.j.LocalContainerEntityManagerFactoryBean - Initialized JPA EntityManagerFactory for persistence unit 'default'
2025-05-01 14:29:05 [restartedMain] INFO  o.s.b.d.a.OptionalLiveReloadServer - LiveReload server is running on port 35729
2025-05-01 14:29:05 [restartedMain] INFO  o.s.b.w.e.tomcat.TomcatWebServer - Tomcat started on port 8080 (http) with context path '/'
2025-05-01 14:29:05 [restartedMain] INFO  c.m.m.SpringBasicLoggingApplication - Started SpringBasicLoggingApplication in 2.496 seconds (process running for 2.964)
2025-05-01 14:29:10 [http-nio-8080-exec-1] INFO  o.s.web.servlet.DispatcherServlet - Initializing Servlet 'dispatcherServlet'
2025-05-01 14:29:10 [http-nio-8080-exec-1] INFO  o.s.web.servlet.DispatcherServlet - Completed initialization in 0 ms
2025-05-01 14:29:24 [File Watcher] INFO  o.s.b.d.a.LocalDevToolsAutoConfiguration$RestartingClassPathChangeChangedEventListener - Restarting due to 4 class path changes (1 addition, 1 deletion, 2 modifications)
2025-05-01 14:29:24 [Thread-5] INFO  o.s.b.w.e.tomcat.GracefulShutdown - Commencing graceful shutdown. Waiting for active requests to complete
2025-05-01 14:29:24 [tomcat-shutdown] INFO  o.s.b.w.e.tomcat.GracefulShutdown - Graceful shutdown complete
2025-05-01 14:29:24 [Thread-5] INFO  o.s.o.j.LocalContainerEntityManagerFactoryBean - Closing JPA EntityManagerFactory for persistence unit 'default'
2025-05-01 14:29:24 [restartedMain] INFO  c.m.m.SpringBasicLoggingApplication - Starting SpringBasicLoggingApplication using Java 17.0.13 with PID 25848 (C:\Users\Seongbin\IdeaProjects\REST_api\SpringBasicLogging\build\classes\java\main started by Seongbin in C:\Users\Seongbin\IdeaProjects\REST_api)
2025-05-01 14:29:24 [restartedMain] DEBUG c.m.m.SpringBasicLoggingApplication - Running with Spring Boot v3.4.5, Spring v6.2.6
2025-05-01 14:29:24 [restartedMain] INFO  c.m.m.SpringBasicLoggingApplication - No active profile set, falling back to 1 default profile: "default"
2025-05-01 14:29:24 [restartedMain] INFO  o.s.d.r.c.RepositoryConfigurationDelegate - Bootstrapping Spring Data JPA repositories in DEFAULT mode.
2025-05-01 14:29:24 [restartedMain] INFO  o.s.d.r.c.RepositoryConfigurationDelegate - Finished Spring Data repository scanning in 7 ms. Found 1 JPA repository interface.
2025-05-01 14:29:24 [restartedMain] INFO  o.s.b.w.e.tomcat.TomcatWebServer - Tomcat initialized with port 8080 (http)
2025-05-01 14:29:24 [restartedMain] INFO  o.s.b.w.s.c.ServletWebServerApplicationContext - Root WebApplicationContext: initialization completed in 191 ms
2025-05-01 14:29:24 [restartedMain] INFO  o.s.o.j.p.SpringPersistenceUnitInfo - No LoadTimeWeaver setup: ignoring JPA class transformer
2025-05-01 14:29:24 [restartedMain] INFO  o.s.o.j.LocalContainerEntityManagerFactoryBean - Initialized JPA EntityManagerFactory for persistence unit 'default'
2025-05-01 14:29:24 [restartedMain] INFO  o.s.b.d.a.OptionalLiveReloadServer - LiveReload server is running on port 35729
2025-05-01 14:29:24 [restartedMain] INFO  o.s.b.w.e.tomcat.TomcatWebServer - Tomcat started on port 8080 (http) with context path '/'
2025-05-01 14:29:24 [restartedMain] INFO  c.m.m.SpringBasicLoggingApplication - Started SpringBasicLoggingApplication in 0.458 seconds (process running for 22.205)
2025-05-01 14:29:24 [restartedMain] INFO  o.s.b.d.a.ConditionEvaluationDeltaLoggingListener - Condition evaluation unchanged
2025-05-01 14:29:25 [http-nio-8080-exec-1] INFO  o.s.web.servlet.DispatcherServlet - Initializing Servlet 'dispatcherServlet'
2025-05-01 14:29:25 [http-nio-8080-exec-1] INFO  o.s.web.servlet.DispatcherServlet - Completed initialization in 1 ms
2025-05-01 14:30:42 [http-nio-8080-exec-6] DEBUG c.m.m.c.StudentControllerCrud - listStudent() debug
2025-05-01 14:30:42 [http-nio-8080-exec-6] INFO  c.m.m.c.StudentControllerCrud - listStudent() info
2025-05-01 14:30:42 [http-nio-8080-exec-6] WARN  c.m.m.c.StudentControllerCrud - listStudent() warn
2025-05-01 14:30:42 [http-nio-8080-exec-6] INFO  com.mycom.myapp.LoggingAspect - User [1@gildong.com]  Method : findAll  2025-05-01T14:30:42.153141400 .
2025-05-01 14:31:31 [http-nio-8080-exec-9] DEBUG c.m.m.c.StudentControllerCrud - listStudent() debug
2025-05-01 14:31:31 [http-nio-8080-exec-9] INFO  c.m.m.c.StudentControllerCrud - listStudent() info
2025-05-01 14:31:31 [http-nio-8080-exec-9] WARN  c.m.m.c.StudentControllerCrud - listStudent() warn
2025-05-01 14:31:31 [http-nio-8080-exec-9] INFO  com.mycom.myapp.LoggingAspect - User [aaa]  Method : findAll  2025-05-01T14:31:31.362852900 .
